Configuring connection-0.2.6...
Building connection-0.2.6...
Preprocessing library connection-0.2.6...
[1 of 2] Compiling Network.Connection.Types ( Network/Connection/Types.hs, .stack-work/dist/x86_64-linux/Cabal-1.24.0.0_ghcjs/build/Network/Connection/Types.js_o )
[2 of 2] Compiling Network.Connection ( Network/Connection.hs, .stack-work/dist/x86_64-linux/Cabal-1.24.0.0_ghcjs/build/Network/Connection.js_o )

Network/Connection.hs:51:1: warning: [-Wunused-imports]
    The import of ‘Control.Applicative’ is redundant
      except perhaps to import instances from ‘Control.Applicative’
    To import instances alone, use: import Control.Applicative()

Network/Connection.hs:99:1: warning: [-Wunused-top-binds]
    Defined but not used: ‘connectionSessionManager’

Network/Connection.hs:203:39: warning: [-Wname-shadowing]
    This binding for ‘serv’ shadows the existing binding
      bound at Network/Connection.hs:202:17

Network/Connection.hs:339:21: warning: [-Wdeprecations]
    In the use of ‘breakByte’ (imported from Data.ByteString):
    Deprecated: "It is an internal function and should never have been exported. Use 'break (== x)' instead. (There are rewrite rules that handle this special case of 'break'.)"
Installing library in
/home/saaffa/.stack/snapshots/x86_64-linux/lts-7.1/ghcjs-0.2.1.9007001_ghc-8.0.1/lib/x86_64-linux-ghcjs-0.2.1.9007001-ghc8_0_1/connection-0.2.6-HtSTjAJArbdtCQ12TekM
Registering connection-0.2.6...
