Configuring mmorph-1.0.6...
Building mmorph-1.0.6...
Preprocessing library mmorph-1.0.6...
[1 of 2] Compiling Control.Monad.Morph ( src/Control/Monad/Morph.hs, .stack-work/dist/x86_64-linux/Cabal-1.24.0.0_ghcjs/build/Control/Monad/Morph.js_o )

src/Control/Monad/Morph.hs:76:1: warning: [-Wdeprecations]
    Module ‘Control.Monad.Trans.Error’ is deprecated:
      Use Control.Monad.Trans.Except instead

src/Control/Monad/Morph.hs:112:20: warning: [-Wdeprecations]
    In the use of type constructor or class ‘ErrorT’
    (imported from Control.Monad.Trans.Error):
    Deprecated: "Use Control.Monad.Trans.Except instead"

src/Control/Monad/Morph.hs:113:19: warning: [-Wdeprecations]
    In the use of data constructor ‘ErrorT’
    (imported from Control.Monad.Trans.Error):
    Deprecated: "Use Control.Monad.Trans.Except instead"

src/Control/Monad/Morph.hs:113:34: warning: [-Wdeprecations]
    In the use of ‘runErrorT’
    (imported from Control.Monad.Trans.Error):
    Deprecated: "Use Control.Monad.Trans.Except instead"

src/Control/Monad/Morph.hs:233:11: warning: [-Wdeprecations]
    In the use of type constructor or class ‘Error’
    (imported from Control.Monad.Trans.Error):
    Deprecated: "Use Control.Monad.Trans.Except instead"

src/Control/Monad/Morph.hs:233:33: warning: [-Wdeprecations]
    In the use of type constructor or class ‘ErrorT’
    (imported from Control.Monad.Trans.Error):
    Deprecated: "Use Control.Monad.Trans.Except instead"

src/Control/Monad/Morph.hs:234:17: warning: [-Wdeprecations]
    In the use of data constructor ‘ErrorT’
    (imported from Control.Monad.Trans.Error):
    Deprecated: "Use Control.Monad.Trans.Except instead"

src/Control/Monad/Morph.hs:235:14: warning: [-Wdeprecations]
    In the use of ‘runErrorT’
    (imported from Control.Monad.Trans.Error):
    Deprecated: "Use Control.Monad.Trans.Except instead"

src/Control/Monad/Morph.hs:235:30: warning: [-Wdeprecations]
    In the use of ‘runErrorT’
    (imported from Control.Monad.Trans.Error):
    Deprecated: "Use Control.Monad.Trans.Except instead"
[2 of 2] Compiling Control.Monad.Trans.Compose ( src/Control/Monad/Trans/Compose.hs, .stack-work/dist/x86_64-linux/Cabal-1.24.0.0_ghcjs/build/Control/Monad/Trans/Compose.js_o )
Installing library in
/home/saaffa/.stack/snapshots/x86_64-linux/lts-7.1/ghcjs-0.2.1.9007001_ghc-8.0.1/lib/x86_64-linux-ghcjs-0.2.1.9007001-ghc8_0_1/mmorph-1.0.6-77pHXrPY5BnJT5Gx1mERj0
Registering mmorph-1.0.6...
