Configuring psqueues-0.2.2.2...
Building psqueues-0.2.2.2...
Preprocessing library psqueues-0.2.2.2...
[1 of 7] Compiling Data.BitUtil     ( src/Data/BitUtil.hs, .stack-work/dist/x86_64-linux/Cabal-1.24.0.0_ghcjs/build/Data/BitUtil.js_o )
[2 of 7] Compiling Data.OrdPSQ.Internal ( src/Data/OrdPSQ/Internal.hs, .stack-work/dist/x86_64-linux/Cabal-1.24.0.0_ghcjs/build/Data/OrdPSQ/Internal.js_o )

src/Data/OrdPSQ/Internal.hs:6:14: warning: [-Wtrustworthy-safe]
    ‘Data.OrdPSQ.Internal’ is marked as Trustworthy but has been inferred as safe!

src/Data/OrdPSQ/Internal.hs:75:1: warning: [-Wunused-imports]
    The import of ‘Data.Traversable’ is redundant
      except perhaps to import instances from ‘Data.Traversable’
    To import instances alone, use: import Data.Traversable()
[3 of 7] Compiling Data.OrdPSQ      ( src/Data/OrdPSQ.hs, .stack-work/dist/x86_64-linux/Cabal-1.24.0.0_ghcjs/build/Data/OrdPSQ.js_o )

src/Data/OrdPSQ.hs:15:14: warning: [-Wtrustworthy-safe]
    ‘Data.OrdPSQ’ is marked as Trustworthy but has been inferred as safe!
[4 of 7] Compiling Data.IntPSQ.Internal ( src/Data/IntPSQ/Internal.hs, .stack-work/dist/x86_64-linux/Cabal-1.24.0.0_ghcjs/build/Data/IntPSQ/Internal.js_o )

src/Data/IntPSQ/Internal.hs:69:1: warning: [-Wunused-imports]
    The import of ‘foldr’ from module ‘Data.Foldable’ is redundant

src/Data/IntPSQ/Internal.hs:79:1: warning: [-Wunused-imports]
    The import of ‘Data.Traversable’ is redundant
      except perhaps to import instances from ‘Data.Traversable’
    To import instances alone, use: import Data.Traversable()

src/Data/IntPSQ/Internal.hs:198:1: warning: [-Wredundant-constraints]
    • Redundant constraint: Ord p
    • In the type signature for:
           findMin :: Ord p => IntPSQ p v -> Maybe (Int, p, v)

src/Data/IntPSQ/Internal.hs:214:1: warning: [-Wredundant-constraints]
    • Redundant constraint: Ord p
    • In the type signature for:
           singleton :: Ord p => Int -> p -> v -> IntPSQ p v
[5 of 7] Compiling Data.IntPSQ      ( src/Data/IntPSQ.hs, .stack-work/dist/x86_64-linux/Cabal-1.24.0.0_ghcjs/build/Data/IntPSQ.js_o )
[6 of 7] Compiling Data.HashPSQ.Internal ( src/Data/HashPSQ/Internal.hs, .stack-work/dist/x86_64-linux/Cabal-1.24.0.0_ghcjs/build/Data/HashPSQ/Internal.js_o )

src/Data/HashPSQ/Internal.hs:57:1: warning: [-Wunused-imports]
    The import of ‘foldr’ from module ‘Data.Foldable’ is redundant

src/Data/HashPSQ/Internal.hs:62:1: warning: [-Wunused-imports]
    The import of ‘Data.Traversable’ is redundant
      except perhaps to import instances from ‘Data.Traversable’
    To import instances alone, use: import Data.Traversable()

src/Data/HashPSQ/Internal.hs:135:1: warning: [-Wredundant-constraints]
    • Redundant constraint: Ord p
    • In the type signature for:
           lookup :: (Ord k, Hashable k, Ord p) =>
                     k -> HashPSQ k p v -> Maybe (p, v)

src/Data/HashPSQ/Internal.hs:143:1: warning: [-Wredundant-constraints]
    • Redundant constraints: (Hashable k, Ord k)
    • In the type signature for:
           findMin :: (Hashable k, Ord k, Ord p) =>
                      HashPSQ k p v -> Maybe (k, p, v)

src/Data/HashPSQ/Internal.hs:275:1: warning: [-Wredundant-constraints]
    • Redundant constraints: (Hashable k, Ord k, Ord p)
    • In the type signature for:
           toList :: (Hashable k, Ord k, Ord p) =>
                     HashPSQ k p v -> [(k, p, v)]

src/Data/HashPSQ/Internal.hs:329:1: warning: [-Wredundant-constraints]
    • Redundant constraint: Hashable k
    • In the type signature for:
           minView :: (Hashable k, Ord k, Ord p) =>
                      HashPSQ k p v -> Maybe (k, p, v, HashPSQ k p v)
[7 of 7] Compiling Data.HashPSQ     ( src/Data/HashPSQ.hs, .stack-work/dist/x86_64-linux/Cabal-1.24.0.0_ghcjs/build/Data/HashPSQ.js_o )
Installing library in
/home/saaffa/.stack/snapshots/x86_64-linux/lts-7.1/ghcjs-0.2.1.9007001_ghc-8.0.1/lib/x86_64-linux-ghcjs-0.2.1.9007001-ghc8_0_1/psqueues-0.2.2.2-GoMILXdBIlXFvLumFVTedY
Registering psqueues-0.2.2.2...
