Configuring resourcet-1.1.7.5...
Building resourcet-1.1.7.5...
Preprocessing library resourcet-1.1.7.5...
[1 of 4] Compiling Data.Acquire.Internal ( Data/Acquire/Internal.hs, .stack-work/dist/x86_64-linux/Cabal-1.24.0.0_ghcjs/build/Data/Acquire/Internal.js_o )
[2 of 4] Compiling Control.Monad.Trans.Resource.Internal ( Control/Monad/Trans/Resource/Internal.hs, .stack-work/dist/x86_64-linux/Cabal-1.24.0.0_ghcjs/build/Control/Monad/Trans/Resource/Internal.js_o )

Control/Monad/Trans/Resource/Internal.hs:49:1: warning: [-Wdeprecations]
    Module ‘Control.Monad.Trans.Error’ is deprecated:
      Use Control.Monad.Trans.Except instead

Control/Monad/Trans/Resource/Internal.hs:76:1: warning: [-Wdodgy-imports]
    Module ‘Prelude’ does not export ‘catch’

Control/Monad/Trans/Resource/Internal.hs:292:11: warning: [-Wdeprecations]
    In the use of type constructor or class ‘Error’
    (imported from Control.Monad.Trans.Error):
    Deprecated: "Use Control.Monad.Trans.Except instead"

Control/Monad/Trans/Resource/Internal.hs:292:56: warning: [-Wdeprecations]
    In the use of type constructor or class ‘ErrorT’
    (imported from Control.Monad.Trans.Error):
    Deprecated: "Use Control.Monad.Trans.Except instead"
[3 of 4] Compiling Control.Monad.Trans.Resource ( Control/Monad/Trans/Resource.hs, .stack-work/dist/x86_64-linux/Cabal-1.24.0.0_ghcjs/build/Control/Monad/Trans/Resource.js_o )

Control/Monad/Trans/Resource.hs:54:7: warning: [-Wdodgy-exports]
    The export item ‘ExceptionT(..)’ suggests that
    ‘ExceptionT’ has (in-scope) constructors or class methods,
    but it has none

Control/Monad/Trans/Resource.hs:64:1: warning: [-Wunused-imports]
    The import of ‘throw’ from module ‘Control.Exception’ is redundant

Control/Monad/Trans/Resource.hs:73:1: warning: [-Wunused-imports]
    The import of ‘Data.Monoid’ is redundant
      except perhaps to import instances from ‘Data.Monoid’
    To import instances alone, use: import Data.Monoid()

Control/Monad/Trans/Resource.hs:206:1: warning: [-Wunused-top-binds]
    Defined but not used: ‘finally’
[4 of 4] Compiling Data.Acquire     ( Data/Acquire.hs, .stack-work/dist/x86_64-linux/Cabal-1.24.0.0_ghcjs/build/Data/Acquire.js_o )

Data/Acquire.hs:16:1: warning: [-Wunused-imports]
    The import of ‘Control.Monad.Trans.Resource’ is redundant
      except perhaps to import instances from ‘Control.Monad.Trans.Resource’
    To import instances alone, use: import Control.Monad.Trans.Resource()

Data/Acquire.hs:18:1: warning: [-Wunused-imports]
    The import of ‘Control.Applicative’ is redundant
      except perhaps to import instances from ‘Control.Applicative’
    To import instances alone, use: import Control.Applicative()

Data/Acquire.hs:19:1: warning: [-Wunused-imports]
    The import of ‘Control.Monad.Base’ is redundant
      except perhaps to import instances from ‘Control.Monad.Base’
    To import instances alone, use: import Control.Monad.Base()

Data/Acquire.hs:21:1: warning: [-Wunused-imports]
    The import of ‘Control.Monad.Trans.Control’ is redundant
      except perhaps to import instances from ‘Control.Monad.Trans.Control’
    To import instances alone, use: import Control.Monad.Trans.Control()

Data/Acquire.hs:23:1: warning: [-Wunused-imports]
    The import of ‘Data.Typeable’ is redundant
      except perhaps to import instances from ‘Data.Typeable’
    To import instances alone, use: import Data.Typeable()

Data/Acquire.hs:24:1: warning: [-Wunused-imports]
    The import of ‘Control.Monad’ is redundant
      except perhaps to import instances from ‘Control.Monad’
    To import instances alone, use: import Control.Monad()
Installing library in
/home/saaffa/.stack/snapshots/x86_64-linux/lts-7.1/ghcjs-0.2.1.9007001_ghc-8.0.1/lib/x86_64-linux-ghcjs-0.2.1.9007001-ghc8_0_1/resourcet-1.1.7.5-88HFz6iiZB9GRxrDqYfxER
Registering resourcet-1.1.7.5...
