Configuring x509-store-1.6.1...
Building x509-store-1.6.1...
Preprocessing library x509-store-1.6.1...
[1 of 3] Compiling Data.X509.Memory ( Data/X509/Memory.hs, .stack-work/dist/x86_64-linux/Cabal-1.24.0.0_ghcjs/build/Data/X509/Memory.js_o )
[2 of 3] Compiling Data.X509.File   ( Data/X509/File.hs, .stack-work/dist/x86_64-linux/Cabal-1.24.0.0_ghcjs/build/Data/X509/File.js_o )

Data/X509/File.hs:6:1: warning: [-Wunused-imports]
    The import of ‘Control.Applicative’ is redundant
      except perhaps to import instances from ‘Control.Applicative’
    To import instances alone, use: import Control.Applicative()

Data/X509/File.hs:8:1: warning: [-Wunused-imports]
    The import of ‘Data.ASN1.BinaryEncoding’ is redundant
      except perhaps to import instances from ‘Data.ASN1.BinaryEncoding’
    To import instances alone, use: import Data.ASN1.BinaryEncoding()

Data/X509/File.hs:9:1: warning: [-Wunused-imports]
    The import of ‘Data.ASN1.Encoding’ is redundant
      except perhaps to import instances from ‘Data.ASN1.Encoding’
    To import instances alone, use: import Data.ASN1.Encoding()

Data/X509/File.hs:13:1: warning: [-Wunused-imports]
    The import of ‘PEM(pemName)’ from module ‘Data.PEM’ is redundant
[3 of 3] Compiling Data.X509.CertificateStore ( Data/X509/CertificateStore.hs, .stack-work/dist/x86_64-linux/Cabal-1.24.0.0_ghcjs/build/Data/X509/CertificateStore.js_o )

Data/X509/CertificateStore.hs:10:1: warning: [-Wunused-imports]
    The import of ‘Data.Monoid’ is redundant
      except perhaps to import instances from ‘Data.Monoid’
    To import instances alone, use: import Data.Monoid()
Installing library in
/home/saaffa/.stack/snapshots/x86_64-linux/lts-7.1/ghcjs-0.2.1.9007001_ghc-8.0.1/lib/x86_64-linux-ghcjs-0.2.1.9007001-ghc8_0_1/x509-store-1.6.1-7aUY8UWkHLJ77aUt2iv6Wk
Registering x509-store-1.6.1...
